<?xml version="1.0" encoding="UTF-8"?>
<robot generator="Robot 7.4.2 (Python 3.14.2 on win32)" generated="2026-04-01T18:21:17.076115" rpa="false" schemaversion="5">
<suite id="s1" name="Robot Aulas" source="C:\Users\Admin\Desktop\Robot Aulas">
<suite id="s1-s1" name="Projeto travel" source="C:\Users\Admin\Desktop\Robot Aulas\Projeto_travel">
<suite id="s1-s1-s1" name="Back" source="C:\Users\Admin\Desktop\Robot Aulas\Projeto_travel\Back.robot">
<test id="s1-s1-s1-t1" name="Desafio 03: Atualizar o Post ID 1 (PUT)" line="48">
<kw name="Create Session" owner="RequestsLibrary" type="SETUP">
<msg time="2026-04-01T18:21:17.347470" level="INFO">Creating Session using : alias=sessao_independente, url=https://jsonplaceholder.typicode.com, headers={},                     cookies={}, auth=None, timeout=None, proxies=None, verify=True,                     debug=0 </msg>
<arg>${SESSAO}</arg>
<arg>url=${API_URL}</arg>
<arg>verify=true</arg>
<doc>Create Session: create a HTTP session to a server</doc>
<status status="PASS" start="2026-04-01T18:21:17.346883" elapsed="0.001000"/>
</kw>
<kw name="Create Dictionary" owner="BuiltIn">
<msg time="2026-04-01T18:21:17.349190" level="INFO">${dicionario} = {'id': '1', 'title': 'Post Editado', 'body': 'Qualquer coisa', 'userId': '1'}</msg>
<var>${dicionario}</var>
<arg>id=1</arg>
<arg>title=Post Editado</arg>
<arg>body=Qualquer coisa</arg>
<arg>userId=1</arg>
<doc>Creates and returns a dictionary based on the given ``items``.</doc>
<status status="PASS" start="2026-04-01T18:21:17.348432" elapsed="0.001055"/>
</kw>
<kw name="PUT On Session" owner="RequestsLibrary">
<msg time="2026-04-01T18:21:17.906806" level="INFO">PUT Request : url=https://jsonplaceholder.typicode.com/posts/1 
 path_url=/posts/1 
 headers={'User-Agent': 'python-requests/2.32.5', 'Accept-Encoding': 'gzip, deflate, zstd', 'Accept': '*/*', 'Connection': 'keep-alive', 'Content-Length': '77', 'Content-Type': 'application/json'} 
 body=b'{"id": "1", "title": "Post Editado", "body": "Qualquer coisa", "userId": "1"}' 
 </msg>
<msg time="2026-04-01T18:21:17.907083" level="INFO">PUT Response : url=https://jsonplaceholder.typicode.com/posts/1 
 status=200, reason=OK 
 headers={'Date': 'Wed, 01 Apr 2026 21:21:17 GMT', 'Content-Type': 'application/json; charset=utf-8', 'Transfer-Encoding': 'chunked', 'Connection': 'keep-alive', 'access-control-allow-credentials': 'true', 'Cache-Control': 'no-cache', 'etag': 'W/"55-+SbfYnI91mj5n0SVy4qrfWrx04Y"', 'expires': '-1', 'nel': '{"report_to":"heroku-nel","response_headers":["Via"],"max_age":3600,"success_fraction":0.01,"failure_fraction":0.1}', 'pragma': 'no-cache', 'report-to': '{"group":"heroku-nel","endpoints":[{"url":"https://nel.heroku.com/reports?s=IBsdjY4IgyMvksonCVVBsJWIk7GgsXbpUoi3GuvQxtE%3D\\u0026sid=e11707d5-02a7-43ef-b45e-2cf4d2036f7d\\u0026ts=1775078477"}],"max_age":3600}', 'reporting-endpoints': 'heroku-nel="https://nel.heroku.com/reports?s=IBsdjY4IgyMvksonCVVBsJWIk7GgsXbpUoi3GuvQxtE%3D&amp;sid=e11707d5-02a7-43ef-b45e-2cf4d2036f7d&amp;ts=1775078477"', 'Server': 'cloudflare', 'vary': 'Origin, Accept-Encoding', 'via': '2.0 heroku-router', 'x-content-type-options': 'nosniff', 'x-powered-by': 'Express', 'x-ratelimit-limit': '1000', 'x-ratelimit-remaining': '999', 'x-ratelimit-reset': '1775078493', 'cf-cache-status': 'DYNAMIC', 'Content-Encoding': 'zstd', 'CF-RAY': '9e5aa484dff12df6-GRU', 'alt-svc': 'h3=":443"; ma=86400'} 
 body={
  "id": 1,
  "title": "Post Editado",
  "body": "Qualquer coisa",
  "userId": "1"
} 
 </msg>
<msg time="2026-04-01T18:21:17.907389" level="INFO">${response} = &lt;Response [200]&gt;</msg>
<var>${response}</var>
<arg>${SESSAO}</arg>
<arg>/posts/1</arg>
<arg>json=${dicionario}</arg>
<doc>Sends a PUT request on a previously created HTTP Session.</doc>
<status status="PASS" start="2026-04-01T18:21:17.349853" elapsed="0.557747"/>
</kw>
<kw name="Status Should Be" owner="RequestsLibrary">
<arg>200</arg>
<arg>${response}</arg>
<doc>Fails if response status code is different than the expected.</doc>
<status status="PASS" start="2026-04-01T18:21:17.908011" elapsed="0.000527"/>
</kw>
<kw name="Set Variable" owner="BuiltIn">
<msg time="2026-04-01T18:21:17.909711" level="INFO">${json_resposta} = {'id': 1, 'title': 'Post Editado', 'body': 'Qualquer coisa', 'userId': '1'}</msg>
<var>${json_resposta}</var>
<arg>${response.json()}</arg>
<doc>Returns the given values which can then be assigned to a variables.</doc>
<status status="PASS" start="2026-04-01T18:21:17.908860" elapsed="0.001137"/>
</kw>
<kw name="Should Be Equal" owner="BuiltIn">
<arg>${json_resposta}[title]</arg>
<arg>Post Editado</arg>
<doc>Fails if the given objects are unequal.</doc>
<status status="PASS" start="2026-04-01T18:21:17.910296" elapsed="0.000529"/>
</kw>
<kw name="Log To Console" owner="BuiltIn">
<arg>\n[PASS] Post 1 atualizado com sucesso!</arg>
<doc>Logs the given message to the console.</doc>
<status status="PASS" start="2026-04-01T18:21:17.911112" elapsed="0.000522"/>
</kw>
<doc>Simula a edição de um post que já existe</doc>
<status status="PASS" start="2026-04-01T18:21:17.342513" elapsed="0.569456"/>
</test>
<status status="PASS" start="2026-04-01T18:21:17.200990" elapsed="0.715021"/>
</suite>
<status status="PASS" start="2026-04-01T18:21:17.172777" elapsed="0.746469"/>
</suite>
<status status="PASS" start="2026-04-01T18:21:17.082137" elapsed="0.840191"/>
</suite>
<statistics>
<total>
<stat pass="1" fail="0" skip="0">All Tests</stat>
</total>
<tag>
</tag>
<suite>
<stat name="Robot Aulas" id="s1" pass="1" fail="0" skip="0">Robot Aulas</stat>
<stat name="Projeto travel" id="s1-s1" pass="1" fail="0" skip="0">Robot Aulas.Projeto travel</stat>
<stat name="Back" id="s1-s1-s1" pass="1" fail="0" skip="0">Robot Aulas.Projeto travel.Back</stat>
</suite>
</statistics>
<errors>
</errors>
</robot>
